d:\github\multi-object-tracker\tracker\vs_solution\multiobjecttracker\x64\release\vc140.pdb
d:\github\multi-object-tracker\tracker\vs_solution\multiobjecttracker\x64\release\jdatasrc.obj
d:\github\multi-object-tracker\tracker\vs_solution\multiobjecttracker\x64\release\jdatadst.obj
d:\github\multi-object-tracker\tracker\vs_solution\multiobjecttracker\x64\release\jdapistd.obj
d:\github\multi-object-tracker\tracker\vs_solution\multiobjecttracker\x64\release\jdapimin.obj
d:\github\multi-object-tracker\tracker\vs_solution\multiobjecttracker\x64\release\jcsample.obj
d:\github\multi-object-tracker\tracker\vs_solution\multiobjecttracker\x64\release\jcprepct.obj
d:\github\multi-object-tracker\tracker\vs_solution\multiobjecttracker\x64\release\jcphuff.obj
d:\github\multi-object-tracker\tracker\vs_solution\multiobjecttracker\x64\release\jcparam.obj
d:\github\multi-object-tracker\tracker\vs_solution\multiobjecttracker\x64\release\jcomapi.obj
d:\github\multi-object-tracker\tracker\vs_solution\multiobjecttracker\x64\release\jcmaster.obj
d:\github\multi-object-tracker\tracker\vs_solution\multiobjecttracker\x64\release\jcmarker.obj
d:\github\multi-object-tracker\tracker\vs_solution\multiobjecttracker\x64\release\jcmainct.obj
d:\github\multi-object-tracker\tracker\vs_solution\multiobjecttracker\x64\release\jcinit.obj
d:\github\multi-object-tracker\tracker\vs_solution\multiobjecttracker\x64\release\jchuff.obj
d:\github\multi-object-tracker\tracker\vs_solution\multiobjecttracker\x64\release\jcdctmgr.obj
d:\github\multi-object-tracker\tracker\vs_solution\multiobjecttracker\x64\release\jccolor.obj
d:\github\multi-object-tracker\tracker\vs_solution\multiobjecttracker\x64\release\jccoefct.obj
d:\github\multi-object-tracker\tracker\vs_solution\multiobjecttracker\x64\release\jcapistd.obj
d:\github\multi-object-tracker\tracker\vs_solution\multiobjecttracker\x64\release\jcapimin.obj
d:\github\multi-object-tracker\tracker\vs_solution\multiobjecttracker\x64\release\source.obj
d:\github\multi-object-tracker\tracker\vs_solution\multiobjecttracker\x64\release\jidctred.obj
d:\github\multi-object-tracker\tracker\vs_solution\multiobjecttracker\x64\release\jidctint.obj
d:\github\multi-object-tracker\tracker\vs_solution\multiobjecttracker\x64\release\jidctfst.obj
d:\github\multi-object-tracker\tracker\vs_solution\multiobjecttracker\x64\release\jidctflt.obj
d:\github\multi-object-tracker\tracker\vs_solution\multiobjecttracker\x64\release\jfdctint.obj
d:\github\multi-object-tracker\tracker\vs_solution\multiobjecttracker\x64\release\jfdctfst.obj
d:\github\multi-object-tracker\tracker\vs_solution\multiobjecttracker\x64\release\jfdctflt.obj
d:\github\multi-object-tracker\tracker\vs_solution\multiobjecttracker\x64\release\jerror.obj
d:\github\multi-object-tracker\tracker\vs_solution\multiobjecttracker\x64\release\jdsample.obj
d:\github\multi-object-tracker\tracker\vs_solution\multiobjecttracker\x64\release\jdpostct.obj
d:\github\multi-object-tracker\tracker\vs_solution\multiobjecttracker\x64\release\jdphuff.obj
d:\github\multi-object-tracker\tracker\vs_solution\multiobjecttracker\x64\release\jdmerge.obj
d:\github\multi-object-tracker\tracker\vs_solution\multiobjecttracker\x64\release\jdmaster.obj
d:\github\multi-object-tracker\tracker\vs_solution\multiobjecttracker\x64\release\jdmarker.obj
d:\github\multi-object-tracker\tracker\vs_solution\multiobjecttracker\x64\release\jdmainct.obj
d:\github\multi-object-tracker\tracker\vs_solution\multiobjecttracker\x64\release\jdinput.obj
d:\github\multi-object-tracker\tracker\vs_solution\multiobjecttracker\x64\release\jdhuff.obj
d:\github\multi-object-tracker\tracker\vs_solution\multiobjecttracker\x64\release\jddctmgr.obj
d:\github\multi-object-tracker\tracker\vs_solution\multiobjecttracker\x64\release\jdcolor.obj
d:\github\multi-object-tracker\tracker\vs_solution\multiobjecttracker\x64\release\jdcoefct.obj
d:\github\multi-object-tracker\tracker\vs_solution\multiobjecttracker\x64\release\tracker.obj
d:\github\multi-object-tracker\tracker\vs_solution\multiobjecttracker\x64\release\main.obj
d:\github\multi-object-tracker\tracker\vs_solution\multiobjecttracker\x64\release\initrectdrawer.obj
d:\github\multi-object-tracker\tracker\vs_solution\multiobjecttracker\x64\release\framereader.obj
d:\github\multi-object-tracker\tracker\vs_solution\multiobjecttracker\x64\release\jutils.obj
d:\github\multi-object-tracker\tracker\vs_solution\multiobjecttracker\x64\release\jquant2.obj
d:\github\multi-object-tracker\tracker\vs_solution\multiobjecttracker\x64\release\jquant1.obj
d:\github\multi-object-tracker\tracker\vs_solution\multiobjecttracker\x64\release\jmemnobs.obj
d:\github\multi-object-tracker\tracker\vs_solution\multiobjecttracker\x64\release\jmemmgr.obj
d:\github\multi-object-tracker\tracker\vs_solution\multiobjecttracker\x64\release\example.obj
d:\github\multi-object-tracker\tracker\vs_solution\x64\release\multiobjecttracker.exe
d:\github\multi-object-tracker\tracker\vs_solution\x64\release\multiobjecttracker.ipdb
d:\github\multi-object-tracker\tracker\vs_solution\x64\release\multiobjecttracker.iobj
d:\github\multi-object-tracker\tracker\vs_solution\x64\release\multiobjecttracker.pdb
d:\github\multi-object-tracker\tracker\vs_solution\multiobjecttracker\x64\release\multiobj.b6c139c8.tlog\cl.command.1.tlog
d:\github\multi-object-tracker\tracker\vs_solution\multiobjecttracker\x64\release\multiobj.b6c139c8.tlog\cl.read.1.tlog
d:\github\multi-object-tracker\tracker\vs_solution\multiobjecttracker\x64\release\multiobj.b6c139c8.tlog\cl.write.1.tlog
d:\github\multi-object-tracker\tracker\vs_solution\multiobjecttracker\x64\release\multiobj.b6c139c8.tlog\link.command.1.tlog
d:\github\multi-object-tracker\tracker\vs_solution\multiobjecttracker\x64\release\multiobj.b6c139c8.tlog\link.read.1.tlog
d:\github\multi-object-tracker\tracker\vs_solution\multiobjecttracker\x64\release\multiobj.b6c139c8.tlog\link.write.1.tlog
